2025-12-10 18:22:00,884 INFO o.a.j.u.JMeterUtils: Setting Locale to en_EN
2025-12-10 18:22:00,926 INFO o.a.j.JMeter: Loading user properties from: C:\apache-jmeter-5.6.3\bin\user.properties
2025-12-10 18:22:00,943 INFO o.a.j.JMeter: Loading system properties from: C:\apache-jmeter-5.6.3\bin\system.properties
2025-12-10 18:22:00,951 INFO o.a.j.JMeter: Copyright (c) 1998-2024 The Apache Software Foundation
2025-12-10 18:22:00,952 INFO o.a.j.JMeter: Version 5.6.3
2025-12-10 18:22:00,952 INFO o.a.j.JMeter: java.version=25
2025-12-10 18:22:00,952 INFO o.a.j.JMeter: java.vm.name=Java HotSpot(TM) 64-Bit Server VM
2025-12-10 18:22:00,952 INFO o.a.j.JMeter: os.name=Windows 10
2025-12-10 18:22:00,952 INFO o.a.j.JMeter: os.arch=amd64
2025-12-10 18:22:00,953 INFO o.a.j.JMeter: os.version=10.0
2025-12-10 18:22:00,953 INFO o.a.j.JMeter: file.encoding=UTF-8
2025-12-10 18:22:00,953 INFO o.a.j.JMeter: java.awt.headless=true
2025-12-10 18:22:00,953 INFO o.a.j.JMeter: Max memory     =1073741824
2025-12-10 18:22:00,953 INFO o.a.j.JMeter: Available Processors =4
2025-12-10 18:22:00,972 INFO o.a.j.JMeter: Default Locale=English (EN)
2025-12-10 18:22:00,973 INFO o.a.j.JMeter: JMeter  Locale=English (EN)
2025-12-10 18:22:00,974 INFO o.a.j.JMeter: JMeterHome=C:\apache-jmeter-5.6.3
2025-12-10 18:22:00,974 INFO o.a.j.JMeter: user.dir  =C:\Users\Administrator\Desktop\JMeter\Jmeter Assessment
2025-12-10 18:22:00,974 INFO o.a.j.JMeter: PWD       =C:\Users\Administrator\Desktop\JMeter\Jmeter Assessment
2025-12-10 18:22:00,977 INFO o.a.j.JMeter: IP: 172.19.37.203 Name: 31cb147f963253c FullName: 172.19.37.203
2025-12-10 18:22:00,993 INFO o.a.j.JMeter: Setting property 'jmeter.reportgenerator.outputdir' to:'C:\Users\Administrator\Desktop\JMeter\Jmeter Assessment\reports'
2025-12-10 18:22:00,997 INFO o.a.j.s.FileServer: Default base='C:\Users\Administrator\Desktop\JMeter\Jmeter Assessment'
2025-12-10 18:22:00,999 INFO o.a.j.s.FileServer: Set new base='C:\Users\Administrator\Desktop\JMeter\Jmeter Assessment'
2025-12-10 18:22:01,419 INFO o.a.j.s.SaveService: Testplan (JMX) version: 2.2. Testlog (JTL) version: 2.2
2025-12-10 18:22:01,471 INFO o.a.j.s.SaveService: Using SaveService properties version 5.0
2025-12-10 18:22:01,476 INFO o.a.j.s.SaveService: Using SaveService properties file encoding UTF-8
2025-12-10 18:22:01,480 INFO o.a.j.s.SaveService: Loading file: demowebshop-register.jmx
2025-12-10 18:22:01,574 INFO o.a.j.p.h.c.CookieManager: Settings: Delete null: true Check: true Allow variable: true Save: false Prefix: COOKIE_
2025-12-10 18:22:01,582 INFO o.a.j.p.h.c.CacheManager: Will only cache the following methods: [GET]
2025-12-10 18:22:01,668 INFO o.a.j.p.h.s.HTTPSamplerBase: Parser for text/html is org.apache.jmeter.protocol.http.parser.LagartoBasedHtmlParser
2025-12-10 18:22:01,668 INFO o.a.j.p.h.s.HTTPSamplerBase: Parser for application/xhtml+xml is org.apache.jmeter.protocol.http.parser.LagartoBasedHtmlParser
2025-12-10 18:22:01,668 INFO o.a.j.p.h.s.HTTPSamplerBase: Parser for application/xml is org.apache.jmeter.protocol.http.parser.LagartoBasedHtmlParser
2025-12-10 18:22:01,668 INFO o.a.j.p.h.s.HTTPSamplerBase: Parser for text/xml is org.apache.jmeter.protocol.http.parser.LagartoBasedHtmlParser
2025-12-10 18:22:01,668 INFO o.a.j.p.h.s.HTTPSamplerBase: Parser for text/vnd.wap.wml is org.apache.jmeter.protocol.http.parser.RegexpHTMLParser
2025-12-10 18:22:01,668 INFO o.a.j.p.h.s.HTTPSamplerBase: Parser for text/css is org.apache.jmeter.protocol.http.parser.CssParser
2025-12-10 18:22:01,836 INFO o.a.j.JMeter: Creating summariser <summary>
2025-12-10 18:22:01,853 INFO o.a.j.r.d.ReportGenerator: ReportGenerator will use for Parsing the separator: ','
2025-12-10 18:22:01,854 INFO o.a.j.r.d.ReportGenerator: Will generate report at end of test from  results file: results\results.jtl
2025-12-10 18:22:01,854 INFO o.a.j.r.d.ReportGenerator: Reading report generator properties from: C:\apache-jmeter-5.6.3\bin\reportgenerator.properties
2025-12-10 18:22:01,870 INFO o.a.j.r.d.ReportGenerator: Merging with JMeter properties
2025-12-10 18:22:01,878 INFO o.a.j.r.c.ReportGeneratorConfiguration: Property 'jmeter.reportgenerator.temp_dir' not found, using default value 'temp' instead.
2025-12-10 18:22:01,881 INFO o.a.j.r.c.ReportGeneratorConfiguration: Property 'jmeter.reportgenerator.apdex_per_transaction' not found, using default value 'null' instead.
2025-12-10 18:22:01,881 INFO o.a.j.r.c.ReportGeneratorConfiguration: apdex_per_transaction is empty, not APDEX per transaction customization
2025-12-10 18:22:01,881 INFO o.a.j.r.c.ReportGeneratorConfiguration: Property 'jmeter.reportgenerator.sample_filter' not found, using default value 'null' instead.
2025-12-10 18:22:01,882 INFO o.a.j.r.c.ReportGeneratorConfiguration: Property 'jmeter.reportgenerator.report_title' not found, using default value 'null' instead.
2025-12-10 18:22:01,882 INFO o.a.j.r.c.ReportGeneratorConfiguration: Property 'jmeter.reportgenerator.start_date' not found, using default value 'null' instead.
2025-12-10 18:22:01,882 INFO o.a.j.r.c.ReportGeneratorConfiguration: Property 'jmeter.reportgenerator.end_date' not found, using default value 'null' instead.
2025-12-10 18:22:01,882 INFO o.a.j.r.c.ReportGeneratorConfiguration: Property 'jmeter.reportgenerator.date_format' not found, using default value 'null' instead.
2025-12-10 18:22:01,882 INFO o.a.j.r.c.ReportGeneratorConfiguration: Will use date range start date: null, end date: null
2025-12-10 18:22:01,888 INFO o.a.j.r.c.ReportGeneratorConfiguration: Property 'jmeter.reportgenerator.graph.totalTPS.exclude_controllers' not found, using default value 'false' instead.
2025-12-10 18:22:01,888 INFO o.a.j.r.c.ReportGeneratorConfiguration: Property 'jmeter.reportgenerator.graph.activeThreadsOverTime.exclude_controllers' not found, using default value 'false' instead.
2025-12-10 18:22:01,888 INFO o.a.j.r.c.ReportGeneratorConfiguration: Property 'jmeter.reportgenerator.graph.timeVsThreads.exclude_controllers' not found, using default value 'false' instead.
2025-12-10 18:22:01,888 INFO o.a.j.r.c.ReportGeneratorConfiguration: Property 'jmeter.reportgenerator.graph.responseTimeDistribution.exclude_controllers' not found, using default value 'false' instead.
2025-12-10 18:22:01,889 INFO o.a.j.r.c.ReportGeneratorConfiguration: Property 'jmeter.reportgenerator.graph.transactionsPerSecond.exclude_controllers' not found, using default value 'false' instead.
2025-12-10 18:22:01,889 INFO o.a.j.r.c.ReportGeneratorConfiguration: Property 'jmeter.reportgenerator.graph.responseTimePercentiles.exclude_controllers' not found, using default value 'false' instead.
2025-12-10 18:22:01,889 INFO o.a.j.r.c.ReportGeneratorConfiguration: Property 'jmeter.reportgenerator.graph.responseTimePercentilesOverTime.exclude_controllers' not found, using default value 'false' instead.
2025-12-10 18:22:01,889 INFO o.a.j.r.c.ReportGeneratorConfiguration: Property 'jmeter.reportgenerator.graph.responseTimesOverTime.exclude_controllers' not found, using default value 'false' instead.
2025-12-10 18:22:01,889 INFO o.a.j.r.c.ReportGeneratorConfiguration: Property 'jmeter.reportgenerator.graph.connectTimeOverTime.exclude_controllers' not found, using default value 'false' instead.
2025-12-10 18:22:01,889 INFO o.a.j.r.c.ReportGeneratorConfiguration: Property 'jmeter.reportgenerator.graph.latenciesOverTime.exclude_controllers' not found, using default value 'false' instead.
2025-12-10 18:22:01,890 INFO o.a.j.r.c.ReportGeneratorConfiguration: Property 'jmeter.reportgenerator.exporter.json.filters_only_sample_series' not found, using default value 'true' instead.
2025-12-10 18:22:01,890 INFO o.a.j.r.c.ReportGeneratorConfiguration: Property 'jmeter.reportgenerator.exporter.json.series_filter' not found, using default value '' instead.
2025-12-10 18:22:01,890 INFO o.a.j.r.c.ReportGeneratorConfiguration: Property 'jmeter.reportgenerator.exporter.json.show_controllers_only' not found, using default value 'false' instead.
2025-12-10 18:22:01,891 INFO o.a.j.r.c.ReportGeneratorConfiguration: Property 'jmeter.reportgenerator.exporter.html.filters_only_sample_series' not found, using default value 'true' instead.
2025-12-10 18:22:01,891 INFO o.a.j.r.c.ReportGeneratorConfiguration: Property 'jmeter.reportgenerator.exporter.html.series_filter' not found, using default value '' instead.
2025-12-10 18:22:01,891 INFO o.a.j.r.c.ReportGeneratorConfiguration: Property 'jmeter.reportgenerator.exporter.html.show_controllers_only' not found, using default value 'false' instead.
2025-12-10 18:22:01,909 INFO o.a.j.e.StandardJMeterEngine: Running the test!
2025-12-10 18:22:01,911 INFO o.a.j.s.SampleEvent: List of sample_variables: []
2025-12-10 18:22:01,911 INFO o.a.j.s.SampleEvent: List of sample_variables: []
2025-12-10 18:22:01,917 INFO o.a.j.e.u.CompoundVariable: Note: Function class names must contain the string: '.functions.'
2025-12-10 18:22:01,917 INFO o.a.j.e.u.CompoundVariable: Note: Function class names must not contain the string: '.gui.'
2025-12-10 18:22:02,023 INFO o.a.j.r.ClassFinder: Will scan jar C:\apache-jmeter-5.6.3\lib\ext\jmeter-plugins-webdriver-4.13.0.2.jar with filter ExtendsClassFilter [parents=[interface org.apache.jmeter.functions.Function], inner=false, contains=null, notContains=null]. Consider exposing JMeter plugins via META-INF/services, and add JMeter-Skip-Class-Scanning=true manifest attribute so JMeter can skip classfile scanning
2025-12-10 18:22:02,045 INFO o.a.j.r.ClassFinder: Will scan jar C:\apache-jmeter-5.6.3\lib\ext\jmeter-plugins-perfmon-2.1.jar with filter ExtendsClassFilter [parents=[interface org.apache.jmeter.functions.Function], inner=false, contains=null, notContains=null]. Consider exposing JMeter plugins via META-INF/services, and add JMeter-Skip-Class-Scanning=true manifest attribute so JMeter can skip classfile scanning
2025-12-10 18:22:02,054 INFO o.a.j.r.ClassFinder: Will scan jar C:\apache-jmeter-5.6.3\lib\ext\jmeter-plugins-manager-1.11.jar with filter ExtendsClassFilter [parents=[interface org.apache.jmeter.functions.Function], inner=false, contains=null, notContains=null]. Consider exposing JMeter plugins via META-INF/services, and add JMeter-Skip-Class-Scanning=true manifest attribute so JMeter can skip classfile scanning
2025-12-10 18:22:02,226 INFO o.a.j.r.ClassFinder: Will scan jar C:\apache-jmeter-5.6.3\lib\ext\jmeter-plugins-casutg-3.1.1.jar with filter ExtendsClassFilter [parents=[interface org.apache.jmeter.functions.Function], inner=false, contains=null, notContains=null]. Consider exposing JMeter plugins via META-INF/services, and add JMeter-Skip-Class-Scanning=true manifest attribute so JMeter can skip classfile scanning
2025-12-10 18:22:02,363 INFO o.a.j.r.ResultCollector: Folder at C:\Users\Administrator\Desktop\JMeter\Jmeter Assessment\results was created
2025-12-10 18:22:02,409 INFO o.a.j.JMeter: Running test (1765371122409)
2025-12-10 18:22:02,455 INFO o.a.j.e.StandardJMeterEngine: Starting ThreadGroup: 1 : Thread Group
2025-12-10 18:22:02,455 INFO o.a.j.e.StandardJMeterEngine: Starting 10 threads for group Thread Group.
2025-12-10 18:22:02,456 INFO o.a.j.e.StandardJMeterEngine: Thread will continue on error
2025-12-10 18:22:02,456 INFO o.a.j.t.ThreadGroup: Starting thread group... number=1 threads=10 ramp-up=120 delayedStart=false
2025-12-10 18:22:02,484 INFO o.a.j.t.ThreadGroup: Started thread group number 1
2025-12-10 18:22:02,484 INFO o.a.j.e.StandardJMeterEngine: All thread groups have been started
2025-12-10 18:22:02,550 INFO o.a.j.s.SampleResult: Note: Sample TimeStamps are START times
2025-12-10 18:22:02,551 INFO o.a.j.s.SampleResult: sampleresult.default.encoding is set to UTF-8
2025-12-10 18:22:02,551 INFO o.a.j.s.SampleResult: sampleresult.useNanoTime=true
2025-12-10 18:22:02,551 INFO o.a.j.s.SampleResult: sampleresult.nanoThreadSleep=5000
2025-12-10 18:22:02,555 INFO o.a.j.t.JMeterThread: Thread started: Thread Group 1-1
2025-12-10 18:22:02,560 INFO o.a.j.s.FileServer: Stored: C:/Users/Administrator/Desktop/JMeter/Jmeter Assessment/register.csv
2025-12-10 18:22:02,660 INFO o.a.j.p.h.s.HTTPHCAbstractImpl: Local host = 31cb147f963253c
2025-12-10 18:22:02,681 INFO o.a.j.p.h.s.HTTPHC4Impl: HTTP request retry count = 0
2025-12-10 18:22:02,775 INFO o.a.j.p.h.s.h.LazyLayeredConnectionSocketFactory: Setting up HTTPS TrustAll Socket Factory
2025-12-10 18:22:02,783 INFO o.a.j.u.JsseSSLManager: Using default SSL protocol: TLS
2025-12-10 18:22:02,783 INFO o.a.j.u.JsseSSLManager: SSL session context: per-thread
2025-12-10 18:22:02,989 INFO o.a.j.u.SSLManager: JmeterKeyStore Location:  type JKS
2025-12-10 18:22:02,992 INFO o.a.j.u.SSLManager: KeyStore created OK
2025-12-10 18:22:02,992 WARN o.a.j.u.SSLManager: Keystore file not found, loading empty keystore
2025-12-10 18:22:05,320 INFO o.a.j.r.Summariser: summary +      1 in 00:00:03 =    0.3/s Avg:  2556 Min:  2556 Max:  2556 Err:     0 (0.00%) Active: 1 Started: 1 Finished: 0
2025-12-10 18:22:14,558 INFO o.a.j.t.JMeterThread: Thread started: Thread Group 1-2
2025-12-10 18:22:17,916 INFO o.a.j.s.FileServer: Stored: C:/Users/Administrator/Desktop/JMeter/Jmeter Assessment/login.csv
2025-12-10 18:22:26,553 INFO o.a.j.t.JMeterThread: Thread started: Thread Group 1-3
2025-12-10 18:22:33,087 INFO o.a.j.r.Summariser: summary +     10 in 00:00:28 =    0.4/s Avg:   442 Min:   279 Max:   882 Err:     0 (0.00%) Active: 3 Started: 3 Finished: 0
2025-12-10 18:22:33,088 INFO o.a.j.r.Summariser: summary =     11 in 00:00:31 =    0.4/s Avg:   634 Min:   279 Max:  2556 Err:     0 (0.00%)
2025-12-10 18:22:38,537 INFO o.a.j.t.JMeterThread: Thread started: Thread Group 1-4
2025-12-10 18:22:49,411 INFO o.a.j.t.JMeterThread: Thread is done: Thread Group 1-1
2025-12-10 18:22:49,411 INFO o.a.j.t.JMeterThread: Thread finished: Thread Group 1-1
2025-12-10 18:22:50,549 INFO o.a.j.t.JMeterThread: Thread started: Thread Group 1-5
2025-12-10 18:22:59,405 INFO o.a.j.t.JMeterThread: Thread is done: Thread Group 1-2
2025-12-10 18:22:59,406 INFO o.a.j.t.JMeterThread: Thread finished: Thread Group 1-2
2025-12-10 18:23:02,544 INFO o.a.j.t.JMeterThread: Thread started: Thread Group 1-6
2025-12-10 18:23:03,814 INFO o.a.j.r.Summariser: summary +     18 in 00:00:31 =    0.6/s Avg:   681 Min:   277 Max:  4367 Err:     0 (0.00%) Active: 4 Started: 6 Finished: 2
2025-12-10 18:23:03,815 INFO o.a.j.r.Summariser: summary =     29 in 00:01:01 =    0.5/s Avg:   663 Min:   277 Max:  4367 Err:     0 (0.00%)
2025-12-10 18:23:11,303 INFO o.a.j.t.JMeterThread: Thread is done: Thread Group 1-3
2025-12-10 18:23:11,303 INFO o.a.j.t.JMeterThread: Thread finished: Thread Group 1-3
2025-12-10 18:23:14,541 INFO o.a.j.t.JMeterThread: Thread started: Thread Group 1-7
2025-12-10 18:23:23,417 INFO o.a.j.t.JMeterThread: Thread is done: Thread Group 1-4
2025-12-10 18:23:23,417 INFO o.a.j.t.JMeterThread: Thread finished: Thread Group 1-4
2025-12-10 18:23:26,529 INFO o.a.j.t.JMeterThread: Thread started: Thread Group 1-8
2025-12-10 18:23:33,166 INFO o.a.j.r.Summariser: summary +     20 in 00:00:29 =    0.7/s Avg:   597 Min:   266 Max:  3078 Err:     0 (0.00%) Active: 4 Started: 8 Finished: 4
2025-12-10 18:23:33,167 INFO o.a.j.r.Summariser: summary =     49 in 00:01:31 =    0.5/s Avg:   636 Min:   266 Max:  4367 Err:     0 (0.00%)
2025-12-10 18:23:38,544 INFO o.a.j.t.JMeterThread: Thread started: Thread Group 1-9
2025-12-10 18:23:39,838 INFO o.a.j.t.JMeterThread: Thread is done: Thread Group 1-5
2025-12-10 18:23:39,838 INFO o.a.j.t.JMeterThread: Thread finished: Thread Group 1-5
2025-12-10 18:23:50,536 INFO o.a.j.t.JMeterThread: Thread started: Thread Group 1-10
2025-12-10 18:23:50,649 INFO o.a.j.t.JMeterThread: Thread is done: Thread Group 1-6
2025-12-10 18:23:50,650 INFO o.a.j.t.JMeterThread: Thread finished: Thread Group 1-6
2025-12-10 18:24:00,148 INFO o.a.j.r.Summariser: summary +     19 in 00:00:27 =    0.7/s Avg:   513 Min:   270 Max:  1242 Err:     0 (0.00%) Active: 4 Started: 10 Finished: 6
2025-12-10 18:24:00,149 INFO o.a.j.r.Summariser: summary =     68 in 00:01:58 =    0.6/s Avg:   602 Min:   266 Max:  4367 Err:     0 (0.00%)
2025-12-10 18:24:00,149 INFO o.a.j.t.JMeterThread: Thread is done: Thread Group 1-7
2025-12-10 18:24:00,149 INFO o.a.j.t.JMeterThread: Thread finished: Thread Group 1-7
2025-12-10 18:24:11,994 INFO o.a.j.t.JMeterThread: Thread is done: Thread Group 1-8
2025-12-10 18:24:11,994 INFO o.a.j.t.JMeterThread: Thread finished: Thread Group 1-8
2025-12-10 18:24:23,346 INFO o.a.j.t.JMeterThread: Thread is done: Thread Group 1-9
2025-12-10 18:24:23,347 INFO o.a.j.t.JMeterThread: Thread finished: Thread Group 1-9
2025-12-10 18:24:32,348 INFO o.a.j.r.Summariser: summary +     11 in 00:00:32 =    0.3/s Avg:   521 Min:   309 Max:  1174 Err:     0 (0.00%) Active: 1 Started: 10 Finished: 9
2025-12-10 18:24:32,348 INFO o.a.j.r.Summariser: summary =     79 in 00:02:30 =    0.5/s Avg:   591 Min:   266 Max:  4367 Err:     0 (0.00%)
2025-12-10 18:24:35,866 INFO o.a.j.t.JMeterThread: Thread is done: Thread Group 1-10
2025-12-10 18:24:35,866 INFO o.a.j.t.JMeterThread: Thread finished: Thread Group 1-10
2025-12-10 18:24:35,868 INFO o.a.j.e.StandardJMeterEngine: Notifying test listeners of end of test
2025-12-10 18:24:35,868 INFO o.a.j.s.FileServer: Close: C:/Users/Administrator/Desktop/JMeter/Jmeter Assessment/login.csv
2025-12-10 18:24:35,868 INFO o.a.j.s.FileServer: Close: C:/Users/Administrator/Desktop/JMeter/Jmeter Assessment/register.csv
2025-12-10 18:24:35,869 INFO o.a.j.r.Summariser: summary +      1 in 00:00:04 =    0.3/s Avg:   513 Min:   513 Max:   513 Err:     0 (0.00%) Active: 0 Started: 10 Finished: 10
2025-12-10 18:24:35,870 INFO o.a.j.r.Summariser: summary =     80 in 00:02:33 =    0.5/s Avg:   590 Min:   266 Max:  4367 Err:     0 (0.00%)
2025-12-10 18:24:35,871 INFO o.a.j.JMeter: Generating Dashboard
2025-12-10 18:24:35,871 INFO o.a.j.r.d.ReportGenerator: Flushing result collector before report Generation
2025-12-10 18:24:35,891 INFO o.a.j.r.p.NormalizerSampleConsumer: Using format, 'ms', to parse timeStamp field
2025-12-10 18:24:36,013 INFO o.a.j.r.p.AbstractSampleConsumer: class org.apache.jmeter.report.processor.AggregateConsumer#stopProducing(): beginDate produced 0 samples
2025-12-10 18:24:36,013 INFO o.a.j.r.p.AbstractSampleConsumer: class org.apache.jmeter.report.processor.AggregateConsumer#stopProducing(): endDate produced 0 samples
2025-12-10 18:24:36,016 INFO o.a.j.r.p.AbstractSampleConsumer: class org.apache.jmeter.report.processor.ApdexSummaryConsumer#stopProducing(): apdexSummary produced 0 samples
2025-12-10 18:24:36,016 INFO o.a.j.r.p.AbstractSampleConsumer: class org.apache.jmeter.report.processor.RequestsSummaryConsumer#stopProducing(): requestsSummary produced 0 samples
2025-12-10 18:24:36,024 INFO o.a.j.r.p.AbstractSampleConsumer: class org.apache.jmeter.report.processor.StatisticsSummaryConsumer#stopProducing(): statisticsSummary produced 0 samples
2025-12-10 18:24:36,025 INFO o.a.j.r.p.AbstractSampleConsumer: class org.apache.jmeter.report.processor.Top5ErrorsBySamplerConsumer#stopProducing(): top5ErrorsBySampler produced 0 samples
2025-12-10 18:24:36,025 INFO o.a.j.r.p.AbstractSampleConsumer: class org.apache.jmeter.report.processor.ErrorsSummaryConsumer#stopProducing(): errorsSummary produced 0 samples
2025-12-10 18:24:36,025 INFO o.a.j.r.p.AbstractSampleConsumer: class org.apache.jmeter.report.processor.graph.impl.HitsPerSecondGraphConsumer#stopProducing(): hitsPerSecond produced 0 samples
2025-12-10 18:24:36,045 INFO o.a.j.r.p.AbstractSampleConsumer: class org.apache.jmeter.report.processor.graph.impl.LatencyVSRequestGraphConsumer#stopProducing(): latencyVsRequest produced 0 samples
2025-12-10 18:24:36,045 INFO o.a.j.r.p.AbstractSampleConsumer: class org.apache.jmeter.report.processor.graph.impl.SyntheticResponseTimeDistributionGraphConsumer#stopProducing(): syntheticResponseTimeDistribution produced 0 samples
2025-12-10 18:24:36,046 INFO o.a.j.r.p.AbstractSampleConsumer: class org.apache.jmeter.report.processor.graph.impl.BytesThroughputGraphConsumer#stopProducing(): bytesThroughputOverTime produced 0 samples
2025-12-10 18:24:36,046 INFO o.a.j.r.p.AbstractSampleConsumer: class org.apache.jmeter.report.processor.graph.impl.CodesPerSecondGraphConsumer#stopProducing(): codesPerSecond produced 0 samples
2025-12-10 18:24:36,053 INFO o.a.j.r.p.AbstractSampleConsumer: class org.apache.jmeter.report.processor.graph.impl.ResponseTimeVSRequestGraphConsumer#stopProducing(): responseTimeVsRequest produced 0 samples
2025-12-10 18:24:36,054 INFO o.a.j.r.p.AbstractSampleConsumer: class org.apache.jmeter.report.processor.FilterConsumer#stopProducing(): startIntervalControlerFilter produced 840 samples
2025-12-10 18:24:36,054 INFO o.a.j.r.p.AbstractSampleConsumer: class org.apache.jmeter.report.processor.graph.impl.TotalTPSGraphConsumer#stopProducing(): totalTPS produced 0 samples
2025-12-10 18:24:36,054 INFO o.a.j.r.p.AbstractSampleConsumer: class org.apache.jmeter.report.processor.graph.impl.ActiveThreadsGraphConsumer#stopProducing(): activeThreadsOverTime produced 0 samples
2025-12-10 18:24:36,054 INFO o.a.j.r.p.AbstractSampleConsumer: class org.apache.jmeter.report.processor.graph.impl.TimeVSThreadGraphConsumer#stopProducing(): timeVsThreads produced 0 samples
2025-12-10 18:24:36,054 INFO o.a.j.r.p.AbstractSampleConsumer: class org.apache.jmeter.report.processor.graph.impl.ResponseTimeDistributionGraphConsumer#stopProducing(): responseTimeDistribution produced 0 samples
2025-12-10 18:24:36,054 INFO o.a.j.r.p.AbstractSampleConsumer: class org.apache.jmeter.report.processor.graph.impl.TransactionsPerSecondGraphConsumer#stopProducing(): transactionsPerSecond produced 0 samples
2025-12-10 18:24:36,054 INFO o.a.j.r.p.AbstractSampleConsumer: class org.apache.jmeter.report.processor.graph.impl.ResponseTimePercentilesGraphConsumer#stopProducing(): responseTimePercentiles produced 0 samples
2025-12-10 18:24:36,061 INFO o.a.j.r.p.AbstractSampleConsumer: class org.apache.jmeter.report.processor.graph.impl.ResponseTimePercentilesOverTimeGraphConsumer#stopProducing(): responseTimePercentilesOverTime produced 0 samples
2025-12-10 18:24:36,062 INFO o.a.j.r.p.AbstractSampleConsumer: class org.apache.jmeter.report.processor.graph.impl.ResponseTimeOverTimeGraphConsumer#stopProducing(): responseTimesOverTime produced 0 samples
2025-12-10 18:24:36,062 INFO o.a.j.r.p.AbstractSampleConsumer: class org.apache.jmeter.report.processor.graph.impl.ConnectTimeOverTimeGraphConsumer#stopProducing(): connectTimeOverTime produced 0 samples
2025-12-10 18:24:36,062 INFO o.a.j.r.p.AbstractSampleConsumer: class org.apache.jmeter.report.processor.graph.impl.LatencyOverTimeGraphConsumer#stopProducing(): latenciesOverTime produced 0 samples
2025-12-10 18:24:36,062 INFO o.a.j.r.p.AbstractSampleConsumer: class org.apache.jmeter.report.processor.FilterConsumer#stopProducing(): nameFilter produced 2100 samples
2025-12-10 18:24:36,062 INFO o.a.j.r.p.AbstractSampleConsumer: class org.apache.jmeter.report.processor.FilterConsumer#stopProducing(): dateRangeFilter produced 420 samples
2025-12-10 18:24:36,062 INFO o.a.j.r.p.AbstractSampleConsumer: class org.apache.jmeter.report.processor.NormalizerSampleConsumer#stopProducing(): normalizer produced 140 samples
2025-12-10 18:24:36,063 INFO o.a.j.r.p.CsvFileSampleSource: produce(): 140 samples produced in 137ms on channel 0
2025-12-10 18:24:36,063 INFO o.a.j.r.d.ReportGenerator: Exporting data using exporter:'json' of className:'org.apache.jmeter.report.dashboard.JsonExporter'
2025-12-10 18:24:36,194 INFO o.a.j.r.d.JsonExporter: Found data for consumer statisticsSummary in context
2025-12-10 18:24:36,194 INFO o.a.j.r.d.JsonExporter: Creating statistics for overall
2025-12-10 18:24:36,195 INFO o.a.j.r.d.JsonExporter: Creating statistics for other transactions
2025-12-10 18:24:36,195 INFO o.a.j.r.d.JsonExporter: Checking output folder
2025-12-10 18:24:36,196 INFO o.a.j.r.d.JsonExporter: Writing statistics JSON to C:\Users\Administrator\Desktop\JMeter\Jmeter Assessment\reports\statistics.json
2025-12-10 18:24:36,269 INFO o.a.j.r.d.ReportGenerator: Exporting data using exporter:'html' of className:'org.apache.jmeter.report.dashboard.HtmlTemplateExporter'
2025-12-10 18:24:36,275 INFO o.a.j.r.d.HtmlTemplateExporter: Will generate dashboard in folder: C:\Users\Administrator\Desktop\JMeter\Jmeter Assessment\reports
2025-12-10 18:24:36,450 INFO o.a.j.r.d.HtmlTemplateExporter: Report will be generated in: C:\Users\Administrator\Desktop\JMeter\Jmeter Assessment\reports, creating folder structure
2025-12-10 18:24:36,453 INFO o.a.j.r.d.TemplateVisitor: Copying folder from 'C:\apache-jmeter-5.6.3\bin\report-template' to 'C:\Users\Administrator\Desktop\JMeter\Jmeter Assessment\reports', got message: C:\Users\Administrator\Desktop\JMeter\Jmeter Assessment\reports, found non empty folder with following content [C:\Users\Administrator\Desktop\JMeter\Jmeter Assessment\reports\statistics.json], will be ignored
2025-12-10 18:24:37,305 INFO o.a.j.JMeter: Dashboard generated
