Start auto log messages stack - Iteration 2.	[MsgId: MMSG-10545]
Login.c(49): Resource "https://petstore.octoperf.com/images/reptiles_icon.gif" is in the cache already and will not be downloaded again  	[MsgId: MMSG-26655]
Login.c(49): Resource "https://petstore.octoperf.com/images/birds_icon.gif" is in the cache already and will not be downloaded again  	[MsgId: MMSG-26655]
Login.c(49): Resource "https://petstore.octoperf.com/images/splash.gif" is in the cache already and will not be downloaded again  	[MsgId: MMSG-26655]
Login.c(49): web_submit_form("Account.action") was successful, 4906 body bytes, 443 header bytes  	[MsgId: MMSG-26386]
Login.c(57): Notify: Transaction "enter username and password" ended with a "Pass" status (Duration: 0.5156 Wasted Time: 0.0000).	[MsgId: MMSG-16871]
Login.c(59): Notify: Transaction "enter username and password" started.	[MsgId: MMSG-16999]
Login.c(61): web_submit_form("Account.action_2") started  	[MsgId: MMSG-26355]
Login.c(61): Error -27979: Requested form not found  	[MsgId: MERR-27979]
End auto log messages stack.	[MsgId: MMSG-10544]


Start auto log messages stack - Iteration 2.	[MsgId: MMSG-10545]
Login.c(49): Resource "https://petstore.octoperf.com/images/reptiles_icon.gif" is in the cache already and will not be downloaded again  	[MsgId: MMSG-26655]
Login.c(49): Resource "https://petstore.octoperf.com/images/birds_icon.gif" is in the cache already and will not be downloaded again  	[MsgId: MMSG-26655]
Login.c(49): Resource "https://petstore.octoperf.com/images/splash.gif" is in the cache already and will not be downloaded again  	[MsgId: MMSG-26655]
Login.c(49): web_submit_form("Account.action") was successful, 4906 body bytes, 443 header bytes  	[MsgId: MMSG-26386]
Login.c(57): Notify: Transaction "enter username and password" ended with a "Pass" status (Duration: 0.4044 Wasted Time: 0.0000).	[MsgId: MMSG-16871]
Login.c(59): Notify: Transaction "enter username and password" started.	[MsgId: MMSG-16999]
Login.c(61): web_submit_form("Account.action_2") started  	[MsgId: MMSG-26355]
Login.c(61): Error -27979: Requested form not found  	[MsgId: MERR-27979]
End auto log messages stack.	[MsgId: MMSG-10544]


Start auto log messages stack - Iteration 2.	[MsgId: MMSG-10545]
Login.c(49): Resource "https://petstore.octoperf.com/images/reptiles_icon.gif" is in the cache already and will not be downloaded again  	[MsgId: MMSG-26655]
Login.c(49): Resource "https://petstore.octoperf.com/images/birds_icon.gif" is in the cache already and will not be downloaded again  	[MsgId: MMSG-26655]
Login.c(49): Resource "https://petstore.octoperf.com/images/splash.gif" is in the cache already and will not be downloaded again  	[MsgId: MMSG-26655]
Login.c(49): web_submit_form("Account.action") was successful, 4906 body bytes, 443 header bytes  	[MsgId: MMSG-26386]
Login.c(57): Notify: Transaction "enter username and password" ended with a "Pass" status (Duration: 0.4038 Wasted Time: 0.0000).	[MsgId: MMSG-16871]
Login.c(59): Notify: Transaction "enter username and password" started.	[MsgId: MMSG-16999]
Login.c(61): web_submit_form("Account.action_2") started  	[MsgId: MMSG-26355]
Login.c(61): Error -27979: Requested form not found  	[MsgId: MERR-27979]
End auto log messages stack.	[MsgId: MMSG-10544]


Start auto log messages stack - Iteration 2.	[MsgId: MMSG-10545]
Login.c(49): Resource "https://petstore.octoperf.com/images/reptiles_icon.gif" is in the cache already and will not be downloaded again  	[MsgId: MMSG-26655]
Login.c(49): Resource "https://petstore.octoperf.com/images/birds_icon.gif" is in the cache already and will not be downloaded again  	[MsgId: MMSG-26655]
Login.c(49): Resource "https://petstore.octoperf.com/images/splash.gif" is in the cache already and will not be downloaded again  	[MsgId: MMSG-26655]
Login.c(49): web_submit_form("Account.action") was successful, 4906 body bytes, 443 header bytes  	[MsgId: MMSG-26386]
Login.c(57): Notify: Transaction "enter username and password" ended with a "Pass" status (Duration: 0.7356 Wasted Time: 0.0000).	[MsgId: MMSG-16871]
Login.c(59): Notify: Transaction "enter username and password" started.	[MsgId: MMSG-16999]
Login.c(61): web_submit_form("Account.action_2") started  	[MsgId: MMSG-26355]
Login.c(61): Error -27979: Requested form not found  	[MsgId: MERR-27979]
End auto log messages stack.	[MsgId: MMSG-10544]


Start auto log messages stack - Iteration 2.	[MsgId: MMSG-10545]
Login.c(49): Resource "https://petstore.octoperf.com/images/reptiles_icon.gif" is in the cache already and will not be downloaded again  	[MsgId: MMSG-26655]
Login.c(49): Resource "https://petstore.octoperf.com/images/birds_icon.gif" is in the cache already and will not be downloaded again  	[MsgId: MMSG-26655]
Login.c(49): Resource "https://petstore.octoperf.com/images/splash.gif" is in the cache already and will not be downloaded again  	[MsgId: MMSG-26655]
Login.c(49): web_submit_form("Account.action") was successful, 4906 body bytes, 443 header bytes  	[MsgId: MMSG-26386]
Login.c(57): Notify: Transaction "enter username and password" ended with a "Pass" status (Duration: 0.4276 Wasted Time: 0.0000).	[MsgId: MMSG-16871]
Login.c(59): Notify: Transaction "enter username and password" started.	[MsgId: MMSG-16999]
Login.c(61): web_submit_form("Account.action_2") started  	[MsgId: MMSG-26355]
Login.c(61): Error -27979: Requested form not found  	[MsgId: MERR-27979]
End auto log messages stack.	[MsgId: MMSG-10544]


Start auto log messages stack - Iteration 2.	[MsgId: MMSG-10545]
Login.c(49): Resource "https://petstore.octoperf.com/images/reptiles_icon.gif" is in the cache already and will not be downloaded again  	[MsgId: MMSG-26655]
Login.c(49): Resource "https://petstore.octoperf.com/images/birds_icon.gif" is in the cache already and will not be downloaded again  	[MsgId: MMSG-26655]
Login.c(49): Resource "https://petstore.octoperf.com/images/splash.gif" is in the cache already and will not be downloaded again  	[MsgId: MMSG-26655]
Login.c(49): web_submit_form("Account.action") was successful, 4906 body bytes, 443 header bytes  	[MsgId: MMSG-26386]
Login.c(57): Notify: Transaction "enter username and password" ended with a "Pass" status (Duration: 1.0593 Wasted Time: 0.0000).	[MsgId: MMSG-16871]
Login.c(59): Notify: Transaction "enter username and password" started.	[MsgId: MMSG-16999]
Login.c(61): web_submit_form("Account.action_2") started  	[MsgId: MMSG-26355]
Login.c(61): Error -27979: Requested form not found  	[MsgId: MERR-27979]
End auto log messages stack.	[MsgId: MMSG-10544]


Start auto log messages stack - Iteration 3.	[MsgId: MMSG-10545]
Login.c(49): Resource "https://petstore.octoperf.com/images/reptiles_icon.gif" is in the cache already and will not be downloaded again  	[MsgId: MMSG-26655]
Login.c(49): Resource "https://petstore.octoperf.com/images/birds_icon.gif" is in the cache already and will not be downloaded again  	[MsgId: MMSG-26655]
Login.c(49): Resource "https://petstore.octoperf.com/images/splash.gif" is in the cache already and will not be downloaded again  	[MsgId: MMSG-26655]
Login.c(49): web_submit_form("Account.action") was successful, 4904 body bytes, 443 header bytes  	[MsgId: MMSG-26386]
Login.c(57): Notify: Transaction "enter username and password" ended with a "Pass" status (Duration: 0.5286 Wasted Time: 0.0000).	[MsgId: MMSG-16871]
Login.c(59): Notify: Transaction "enter username and password" started.	[MsgId: MMSG-16999]
Login.c(61): web_submit_form("Account.action_2") started  	[MsgId: MMSG-26355]
Login.c(61): Error -27979: Requested form not found  	[MsgId: MERR-27979]
End auto log messages stack.	[MsgId: MMSG-10544]


Start auto log messages stack - Iteration 2.	[MsgId: MMSG-10545]
Login.c(49): Resource "https://petstore.octoperf.com/images/reptiles_icon.gif" is in the cache already and will not be downloaded again  	[MsgId: MMSG-26655]
Login.c(49): Resource "https://petstore.octoperf.com/images/birds_icon.gif" is in the cache already and will not be downloaded again  	[MsgId: MMSG-26655]
Login.c(49): Resource "https://petstore.octoperf.com/images/splash.gif" is in the cache already and will not be downloaded again  	[MsgId: MMSG-26655]
Login.c(49): web_submit_form("Account.action") was successful, 4906 body bytes, 443 header bytes  	[MsgId: MMSG-26386]
Login.c(57): Notify: Transaction "enter username and password" ended with a "Pass" status (Duration: 1.7086 Wasted Time: 0.0000).	[MsgId: MMSG-16871]
Login.c(59): Notify: Transaction "enter username and password" started.	[MsgId: MMSG-16999]
Login.c(61): web_submit_form("Account.action_2") started  	[MsgId: MMSG-26355]
Login.c(61): Error -27979: Requested form not found  	[MsgId: MERR-27979]
End auto log messages stack.	[MsgId: MMSG-10544]


Start auto log messages stack - Iteration 2.	[MsgId: MMSG-10545]
Login.c(49): Resource "https://petstore.octoperf.com/images/reptiles_icon.gif" is in the cache already and will not be downloaded again  	[MsgId: MMSG-26655]
Login.c(49): Resource "https://petstore.octoperf.com/images/birds_icon.gif" is in the cache already and will not be downloaded again  	[MsgId: MMSG-26655]
Login.c(49): Resource "https://petstore.octoperf.com/images/splash.gif" is in the cache already and will not be downloaded again  	[MsgId: MMSG-26655]
Login.c(49): web_submit_form("Account.action") was successful, 4906 body bytes, 443 header bytes  	[MsgId: MMSG-26386]
Login.c(57): Notify: Transaction "enter username and password" ended with a "Pass" status (Duration: 0.4062 Wasted Time: 0.0000).	[MsgId: MMSG-16871]
Login.c(59): Notify: Transaction "enter username and password" started.	[MsgId: MMSG-16999]
Login.c(61): web_submit_form("Account.action_2") started  	[MsgId: MMSG-26355]
Login.c(61): Error -27979: Requested form not found  	[MsgId: MERR-27979]
End auto log messages stack.	[MsgId: MMSG-10544]


Start auto log messages stack - Iteration 3.	[MsgId: MMSG-10545]
Login.c(49): Resource "https://petstore.octoperf.com/images/reptiles_icon.gif" is in the cache already and will not be downloaded again  	[MsgId: MMSG-26655]
Login.c(49): Resource "https://petstore.octoperf.com/images/birds_icon.gif" is in the cache already and will not be downloaded again  	[MsgId: MMSG-26655]
Login.c(49): Resource "https://petstore.octoperf.com/images/splash.gif" is in the cache already and will not be downloaded again  	[MsgId: MMSG-26655]
Login.c(49): web_submit_form("Account.action") was successful, 4904 body bytes, 443 header bytes  	[MsgId: MMSG-26386]
Login.c(57): Notify: Transaction "enter username and password" ended with a "Pass" status (Duration: 0.4689 Wasted Time: 0.0000).	[MsgId: MMSG-16871]
Login.c(59): Notify: Transaction "enter username and password" started.	[MsgId: MMSG-16999]
Login.c(61): web_submit_form("Account.action_2") started  	[MsgId: MMSG-26355]
Login.c(61): Error -27979: Requested form not found  	[MsgId: MERR-27979]
End auto log messages stack.	[MsgId: MMSG-10544]


Start auto log messages stack - Iteration 2.	[MsgId: MMSG-10545]
Login.c(49): Resource "https://petstore.octoperf.com/images/reptiles_icon.gif" is in the cache already and will not be downloaded again  	[MsgId: MMSG-26655]
Login.c(49): Resource "https://petstore.octoperf.com/images/birds_icon.gif" is in the cache already and will not be downloaded again  	[MsgId: MMSG-26655]
Login.c(49): Resource "https://petstore.octoperf.com/images/splash.gif" is in the cache already and will not be downloaded again  	[MsgId: MMSG-26655]
Login.c(49): web_submit_form("Account.action") was successful, 4906 body bytes, 443 header bytes  	[MsgId: MMSG-26386]
Login.c(57): Notify: Transaction "enter username and password" ended with a "Pass" status (Duration: 0.4762 Wasted Time: 0.0000).	[MsgId: MMSG-16871]
Login.c(59): Notify: Transaction "enter username and password" started.	[MsgId: MMSG-16999]
Login.c(61): web_submit_form("Account.action_2") started  	[MsgId: MMSG-26355]
Login.c(61): Error -27979: Requested form not found  	[MsgId: MERR-27979]
End auto log messages stack.	[MsgId: MMSG-10544]


Start auto log messages stack - Iteration 3.	[MsgId: MMSG-10545]
Login.c(49): Resource "https://petstore.octoperf.com/images/reptiles_icon.gif" is in the cache already and will not be downloaded again  	[MsgId: MMSG-26655]
Login.c(49): Resource "https://petstore.octoperf.com/images/birds_icon.gif" is in the cache already and will not be downloaded again  	[MsgId: MMSG-26655]
Login.c(49): Resource "https://petstore.octoperf.com/images/splash.gif" is in the cache already and will not be downloaded again  	[MsgId: MMSG-26655]
Login.c(49): web_submit_form("Account.action") was successful, 4904 body bytes, 443 header bytes  	[MsgId: MMSG-26386]
Login.c(57): Notify: Transaction "enter username and password" ended with a "Pass" status (Duration: 0.4593 Wasted Time: 0.0000).	[MsgId: MMSG-16871]
Login.c(59): Notify: Transaction "enter username and password" started.	[MsgId: MMSG-16999]
Login.c(61): web_submit_form("Account.action_2") started  	[MsgId: MMSG-26355]
Login.c(61): Error -27979: Requested form not found  	[MsgId: MERR-27979]
End auto log messages stack.	[MsgId: MMSG-10544]


Start auto log messages stack - Iteration 3.	[MsgId: MMSG-10545]
Login.c(49): Resource "https://petstore.octoperf.com/images/reptiles_icon.gif" is in the cache already and will not be downloaded again  	[MsgId: MMSG-26655]
Login.c(49): Resource "https://petstore.octoperf.com/images/birds_icon.gif" is in the cache already and will not be downloaded again  	[MsgId: MMSG-26655]
Login.c(49): Resource "https://petstore.octoperf.com/images/splash.gif" is in the cache already and will not be downloaded again  	[MsgId: MMSG-26655]
Login.c(49): web_submit_form("Account.action") was successful, 4904 body bytes, 443 header bytes  	[MsgId: MMSG-26386]
Login.c(57): Notify: Transaction "enter username and password" ended with a "Pass" status (Duration: 0.9811 Wasted Time: 0.0000).	[MsgId: MMSG-16871]
Login.c(59): Notify: Transaction "enter username and password" started.	[MsgId: MMSG-16999]
Login.c(61): web_submit_form("Account.action_2") started  	[MsgId: MMSG-26355]
Login.c(61): Error -27979: Requested form not found  	[MsgId: MERR-27979]
End auto log messages stack.	[MsgId: MMSG-10544]


Start auto log messages stack - Iteration 3.	[MsgId: MMSG-10545]
Login.c(49): Resource "https://petstore.octoperf.com/images/reptiles_icon.gif" is in the cache already and will not be downloaded again  	[MsgId: MMSG-26655]
Login.c(49): Resource "https://petstore.octoperf.com/images/birds_icon.gif" is in the cache already and will not be downloaded again  	[MsgId: MMSG-26655]
Login.c(49): Resource "https://petstore.octoperf.com/images/splash.gif" is in the cache already and will not be downloaded again  	[MsgId: MMSG-26655]
Login.c(49): web_submit_form("Account.action") was successful, 4904 body bytes, 443 header bytes  	[MsgId: MMSG-26386]
Login.c(57): Notify: Transaction "enter username and password" ended with a "Pass" status (Duration: 0.4170 Wasted Time: 0.0000).	[MsgId: MMSG-16871]
Login.c(59): Notify: Transaction "enter username and password" started.	[MsgId: MMSG-16999]
Login.c(61): web_submit_form("Account.action_2") started  	[MsgId: MMSG-26355]
Login.c(61): Error -27979: Requested form not found  	[MsgId: MERR-27979]
End auto log messages stack.	[MsgId: MMSG-10544]


Start auto log messages stack - Iteration 3.	[MsgId: MMSG-10545]
Login.c(49): Resource "https://petstore.octoperf.com/images/reptiles_icon.gif" is in the cache already and will not be downloaded again  	[MsgId: MMSG-26655]
Login.c(49): Resource "https://petstore.octoperf.com/images/birds_icon.gif" is in the cache already and will not be downloaded again  	[MsgId: MMSG-26655]
Login.c(49): Resource "https://petstore.octoperf.com/images/splash.gif" is in the cache already and will not be downloaded again  	[MsgId: MMSG-26655]
Login.c(49): web_submit_form("Account.action") was successful, 4904 body bytes, 443 header bytes  	[MsgId: MMSG-26386]
Login.c(57): Notify: Transaction "enter username and password" ended with a "Pass" status (Duration: 0.4476 Wasted Time: 0.0000).	[MsgId: MMSG-16871]
Login.c(59): Notify: Transaction "enter username and password" started.	[MsgId: MMSG-16999]
Login.c(61): web_submit_form("Account.action_2") started  	[MsgId: MMSG-26355]
Login.c(61): Error -27979: Requested form not found  	[MsgId: MERR-27979]
End auto log messages stack.	[MsgId: MMSG-10544]


Start auto log messages stack - Iteration 3.	[MsgId: MMSG-10545]
Login.c(49): Resource "https://petstore.octoperf.com/images/reptiles_icon.gif" is in the cache already and will not be downloaded again  	[MsgId: MMSG-26655]
Login.c(49): Resource "https://petstore.octoperf.com/images/birds_icon.gif" is in the cache already and will not be downloaded again  	[MsgId: MMSG-26655]
Login.c(49): Resource "https://petstore.octoperf.com/images/splash.gif" is in the cache already and will not be downloaded again  	[MsgId: MMSG-26655]
Login.c(49): web_submit_form("Account.action") was successful, 4904 body bytes, 443 header bytes  	[MsgId: MMSG-26386]
Login.c(57): Notify: Transaction "enter username and password" ended with a "Pass" status (Duration: 0.4053 Wasted Time: 0.0000).	[MsgId: MMSG-16871]
Login.c(59): Notify: Transaction "enter username and password" started.	[MsgId: MMSG-16999]
Login.c(61): web_submit_form("Account.action_2") started  	[MsgId: MMSG-26355]
Login.c(61): Error -27979: Requested form not found  	[MsgId: MERR-27979]
End auto log messages stack.	[MsgId: MMSG-10544]


